# JRE version: OpenJDK Runtime Environment (21.0.3) (build 21.0.3+-12282718-b509.11)
# Java VM: OpenJDK 64-Bit Server VM (21.0.3+-12282718-b509.11, mixed mode, tiered, compressed oops, compressed class ptrs, g1 gc, windows-amd64)
GC Precious Log:
 CardTable entry size: 512
 Card Set container configuration: InlinePtr #cards 5 size 8 Array Of Cards #cards 12 size 40 Howl #buckets 4 coarsen threshold 1843 Howl Bitmap #cards 512 size 80 coarsen threshold 460 Card regions per heap region 1 cards per card region 2048
 CPUs: 12 total, 12 available
 Memory: 32701M
 Large Page Support: Disabled
 NUMA Support: Disabled
 Compressed Oops: Enabled (32-bit)
 Heap Region Size: 1M
 Heap Min Capacity: 8M
 Heap Initial Capacity: 512M
 Heap Max Capacity: 2G
 Pre-touch: Disabled
 Parallel Workers: 10
 Concurrent Workers: 3
 Concurrent Refinement Workers: 10
 Periodic GC: Disabled
Heap:
 garbage-first heap   total 224256K, used 147995K [0x0000000080000000, 0x0000000100000000)
  region size 1024K, 8 young (8192K), 7 survivors (7168K)
 Metaspace       used 142531K, committed 144832K, reserved 1179648K
  class space    used 19979K, committed 21120K, reserved 1048576K
GC Heap History (20 events):
Event: 22.651 GC heap before
{Heap before GC invocations=22 (full 0):
 garbage-first heap   total 196608K, used 173695K [0x0000000080000000, 0x0000000100000000)
  region size 1024K, 85 young (87040K), 10 survivors (10240K)
 Metaspace       used 103202K, committed 105216K, reserved 1179648K
  class space    used 14180K, committed 15168K, reserved 1048576K
}
Event: 22.660 GC heap after
{Heap after GC invocations=23 (full 0):
 garbage-first heap   total 196608K, used 98545K [0x0000000080000000, 0x0000000100000000)
  region size 1024K, 4 young (4096K), 4 survivors (4096K)
 Metaspace       used 103202K, committed 105216K, reserved 1179648K
  class space    used 14180K, committed 15168K, reserved 1048576K
}
Event: 23.915 GC heap before
{Heap before GC invocations=23 (full 0):
 garbage-first heap   total 196608K, used 180465K [0x0000000080000000, 0x0000000100000000)
  region size 1024K, 84 young (86016K), 4 survivors (4096K)
 Metaspace       used 109341K, committed 111488K, reserved 1179648K
  class space    used 15107K, committed 16192K, reserved 1048576K
}
Event: 23.922 GC heap after
{Heap after GC invocations=24 (full 0):
 garbage-first heap   total 196608K, used 103077K [0x0000000080000000, 0x0000000100000000)
  region size 1024K, 8 young (8192K), 8 survivors (8192K)
 Metaspace       used 109341K, committed 111488K, reserved 1179648K
  class space    used 15107K, committed 16192K, reserved 1048576K
}
Event: 25.238 GC heap before
{Heap before GC invocations=25 (full 0):
 garbage-first heap   total 196608K, used 176805K [0x0000000080000000, 0x0000000100000000)
  region size 1024K, 80 young (81920K), 8 survivors (8192K)
 Metaspace       used 115051K, committed 117120K, reserved 1179648K
  class space    used 15934K, committed 16960K, reserved 1048576K
}
Event: 25.248 GC heap after
{Heap after GC invocations=26 (full 0):
 garbage-first heap   total 196608K, used 108825K [0x0000000080000000, 0x0000000100000000)
  region size 1024K, 10 young (10240K), 10 survivors (10240K)
 Metaspace       used 115051K, committed 117120K, reserved 1179648K
  class space    used 15934K, committed 16960K, reserved 1048576K
}
Event: 26.160 GC heap before
{Heap before GC invocations=26 (full 0):
 garbage-first heap   total 196608K, used 173337K [0x0000000080000000, 0x0000000100000000)
  region size 1024K, 74 young (75776K), 10 survivors (10240K)
 Metaspace       used 115601K, committed 117696K, reserved 1179648K
  class space    used 16010K, committed 17024K, reserved 1048576K
}
Event: 26.171 GC heap after
{Heap after GC invocations=27 (full 0):
 garbage-first heap   total 196608K, used 114822K [0x0000000080000000, 0x0000000100000000)
  region size 1024K, 7 young (7168K), 7 survivors (7168K)
 Metaspace       used 115601K, committed 117696K, reserved 1179648K
  class space    used 16010K, committed 17024K, reserved 1048576K
}
Event: 27.024 GC heap before
{Heap before GC invocations=27 (full 0):
 garbage-first heap   total 196608K, used 176262K [0x0000000080000000, 0x0000000100000000)
  region size 1024K, 68 young (69632K), 7 survivors (7168K)
 Metaspace       used 116086K, committed 118272K, reserved 1179648K
  class space    used 16077K, committed 17216K, reserved 1048576K
}
Event: 27.032 GC heap after
{Heap after GC invocations=28 (full 0):
 garbage-first heap   total 196608K, used 118534K [0x0000000080000000, 0x0000000100000000)
  region size 1024K, 6 young (6144K), 6 survivors (6144K)
 Metaspace       used 116086K, committed 118272K, reserved 1179648K
  class space    used 16077K, committed 17216K, reserved 1048576K
}
Event: 30.888 GC heap before
{Heap before GC invocations=29 (full 0):
 garbage-first heap   total 203776K, used 176902K [0x0000000080000000, 0x0000000100000000)
  region size 1024K, 64 young (65536K), 6 survivors (6144K)
 Metaspace       used 119261K, committed 121408K, reserved 1179648K
  class space    used 16489K, committed 17600K, reserved 1048576K
}
Event: 30.897 GC heap after
{Heap after GC invocations=30 (full 0):
 garbage-first heap   total 203776K, used 123158K [0x0000000080000000, 0x0000000100000000)
  region size 1024K, 7 young (7168K), 7 survivors (7168K)
 Metaspace       used 119261K, committed 121408K, reserved 1179648K
  class space    used 16489K, committed 17600K, reserved 1048576K
}
Event: 34.125 GC heap before
{Heap before GC invocations=30 (full 0):
 garbage-first heap   total 203776K, used 183574K [0x0000000080000000, 0x0000000100000000)
  region size 1024K, 67 young (68608K), 7 survivors (7168K)
 Metaspace       used 120661K, committed 122816K, reserved 1179648K
  class space    used 16724K, committed 17792K, reserved 1048576K
}
Event: 34.137 GC heap after
{Heap after GC invocations=31 (full 0):
 garbage-first heap   total 203776K, used 124335K [0x0000000080000000, 0x0000000100000000)
  region size 1024K, 6 young (6144K), 6 survivors (6144K)
 Metaspace       used 120661K, committed 122816K, reserved 1179648K
  class space    used 16724K, committed 17792K, reserved 1048576K
}
Event: 53.435 GC heap before
{Heap before GC invocations=31 (full 0):
 garbage-first heap   total 203776K, used 144815K [0x0000000080000000, 0x0000000100000000)
  region size 1024K, 28 young (28672K), 6 survivors (6144K)
 Metaspace       used 121035K, committed 123264K, reserved 1179648K
  class space    used 16784K, committed 17920K, reserved 1048576K
}
Event: 53.439 GC heap after
{Heap after GC invocations=32 (full 0):
 garbage-first heap   total 203776K, used 125117K [0x0000000080000000, 0x0000000100000000)
  region size 1024K, 6 young (6144K), 6 survivors (6144K)
 Metaspace       used 121035K, committed 123264K, reserved 1179648K
  class space    used 16784K, committed 17920K, reserved 1048576K
}
Event: 54.776 GC heap before
{Heap before GC invocations=33 (full 0):
 garbage-first heap   total 224256K, used 188605K [0x0000000080000000, 0x0000000100000000)
  region size 1024K, 64 young (65536K), 6 survivors (6144K)
 Metaspace       used 129089K, committed 131328K, reserved 1179648K
  class space    used 17883K, committed 19008K, reserved 1048576K
}
Event: 54.782 GC heap after
{Heap after GC invocations=34 (full 0):
 garbage-first heap   total 224256K, used 127112K [0x0000000080000000, 0x0000000100000000)
  region size 1024K, 6 young (6144K), 6 survivors (6144K)
 Metaspace       used 129089K, committed 131328K, reserved 1179648K
  class space    used 17883K, committed 19008K, reserved 1048576K
}
Event: 55.872 GC heap before
{Heap before GC invocations=34 (full 0):
 garbage-first heap   total 224256K, used 203912K [0x0000000080000000, 0x0000000100000000)
  region size 1024K, 82 young (83968K), 6 survivors (6144K)
 Metaspace       used 138290K, committed 140608K, reserved 1179648K
  class space    used 19358K, committed 20544K, reserved 1048576K
}
Event: 55.881 GC heap after
{Heap after GC invocations=35 (full 0):
 garbage-first heap   total 224256K, used 126150K [0x0000000080000000, 0x0000000100000000)
  region size 1024K, 7 young (7168K), 7 survivors (7168K)
 Metaspace       used 138290K, committed 140608K, reserved 1179648K
  class space    used 19358K, committed 20544K, reserved 1048576K
}

